<?xml version="1.0" encoding="UTF-8"?>
<testng-results skipped="0" failed="0" ignored="0" total="0" passed="0">
  <reporter-output>
  </reporter-output>
  <suite name="testCases.LoginPageTest" duration-ms="8" started-at="2021-08-17T00:20:54 EDT" finished-at="2021-08-17T00:20:54 EDT">
    <groups>
    </groups>
    <test name="Command line test" duration-ms="8" started-at="2021-08-17T00:20:54 EDT" finished-at="2021-08-17T00:20:54 EDT">
    </test> <!-- Command line test -->
  </suite> <!-- testCases.LoginPageTest -->
</testng-results>
